# Mass function for redshift 0.100000
# 1) mass (Msun/h)
# 2) n(m) (Mpc^-3 Msun^-1 h^4)
# 3) upper +1-sigma limit for n(m) (Mpc^-3 Msun^-1 h^4)
# 4) lower -1-sigma limit for n(m) (Mpc^-3 Msun^-1 h^4)
# 5) number of halos in the bin
# 6) analytical n(m) from Watson et al. 2013
#
   2.5604595e+15   4.2859248e-24   5.5231647e-24   3.0486849e-24           12     6.541604e-24           4.321974
   2.8805169e+15   5.0002456e-24   6.8901608e-24   3.1103304e-24            7    3.1618979e-24          4.4751413
   3.2005744e+15   1.0714812e-24   1.6901012e-24   4.5286124e-25            3    1.5853774e-24          4.6182621
   3.5911966e+15    7.143208e-25   1.4286416e-24               0            1    7.1110068e-25          4.7816362
   4.0293889e+15               0               0               0            0    3.0227788e-25          4.9526127
   4.5210487e+15               0               0               0            0    1.2112574e-25          5.1316483
   5.0727001e+15               0               0               0            0    4.5492219e-26          5.3191929
   5.6916631e+15               0               0               0            0    1.5913355e-26          5.5157262
   6.3861511e+15               0               0               0            0    5.1483803e-27          5.7217581
   7.1653793e+15               0               0               0            0    1.5286148e-27          5.9378312
   8.0396879e+15               0               0               0            0    4.1297329e-28          6.1645213
   9.0206781e+15               0               0               0            0    1.0056167e-28          6.4024359
