# Merger histories for halos with minimal mass of 10 particles
#  1) group ID
#  2) index within the tree
#  3) linking list
#  4) merged with
#  5) mass of halo at merger (particles)
#  6) mass of main halo it merges with, at merger (particles)
#  7) merger redshift
#  8) redshift of peak collapse
#  9) redshift at which the halo overtakes the minimal mass
#
# Ntrees & Nbranches: 
 57  57
#Tree 0, Nbranches=1
        55229      1      1     -1        13         0   -1.0000    2.0891    0.3450
#Tree 1, Nbranches=1
      1637265      1      1     -1        10         0   -1.0000    2.0766    0.1809
#Tree 2, Nbranches=1
       901882      1      1     -1        12         0   -1.0000    2.0011    0.5023
#Tree 3, Nbranches=1
        12820      1      1     -1        11         0   -1.0000    1.7298    0.2100
#Tree 4, Nbranches=1
       101892      1      1     -1        10         0   -1.0000    1.6990    0.0279
#Tree 5, Nbranches=1
      1639417      1      1     -1        11         0   -1.0000    1.6540    0.0796
#Tree 6, Nbranches=1
       525890      1      1     -1        10         0   -1.0000    1.5088    0.0076
#Tree 7, Nbranches=1
      1809452      1      1     -1        12         0   -1.0000    1.4705    0.2881
#Tree 8, Nbranches=1
       307285      1      1     -1        17         0   -1.0000    1.4703    0.3624
#Tree 9, Nbranches=1
      1266282      1      1     -1        14         0   -1.0000    1.4608    0.1360
#Tree 10, Nbranches=1
      1593322      1      1     -1        10         0   -1.0000    1.4187    0.0082
#Tree 11, Nbranches=1
       927867      1      1     -1        13         0   -1.0000    1.4096    0.1603
#Tree 12, Nbranches=1
      1493107      1      1     -1        10         0   -1.0000    1.3265    0.0876
#Tree 13, Nbranches=1
       422988      1      1     -1        11         0   -1.0000    1.3199    0.0368
#Tree 14, Nbranches=1
      1318246      1      1     -1        10         0   -1.0000    1.3143    0.0282
#Tree 15, Nbranches=1
      1250592      1      1     -1        11         0   -1.0000    1.3092    0.3702
#Tree 16, Nbranches=1
      1132776      1      1     -1        13         0   -1.0000    1.3073    0.0189
#Tree 17, Nbranches=1
       306084      1      1     -1        12         0   -1.0000    1.3037    0.3168
#Tree 18, Nbranches=1
      2006350      1      1     -1        11         0   -1.0000    1.3014    0.0861
#Tree 19, Nbranches=1
       636422      1      1     -1        13         0   -1.0000    1.2922    0.1983
#Tree 20, Nbranches=1
       597402      1      1     -1        11         0   -1.0000    1.2669    0.2981
#Tree 21, Nbranches=1
       899859      1      1     -1        11         0   -1.0000    1.2435    0.1154
#Tree 22, Nbranches=1
      1443224      1      1     -1        10         0   -1.0000    1.1831    0.0302
#Tree 23, Nbranches=1
      1497574      1      1     -1        10         0   -1.0000    1.1828    0.0060
#Tree 24, Nbranches=1
      1857591      1      1     -1        15         0   -1.0000    1.1727    0.0270
#Tree 25, Nbranches=1
      2035964      1      1     -1        11         0   -1.0000    1.1686    0.0894
#Tree 26, Nbranches=1
      1289214      1      1     -1        10         0   -1.0000    1.1425    0.0131
#Tree 27, Nbranches=1
      2076941      1      1     -1        14         0   -1.0000    1.1404    0.2218
#Tree 28, Nbranches=1
      1958749      1      1     -1        11         0   -1.0000    1.1253    0.0023
#Tree 29, Nbranches=1
      1572375      1      1     -1        10         0   -1.0000    1.1131    0.3346
#Tree 30, Nbranches=1
      1208931      1      1     -1        12         0   -1.0000    1.1096    0.0447
#Tree 31, Nbranches=1
       509035      1      1     -1        12         0   -1.0000    1.1006    0.0591
#Tree 32, Nbranches=1
       292452      1      1     -1        10         0   -1.0000    1.0878    0.1703
#Tree 33, Nbranches=1
        76337      1      1     -1        12         0   -1.0000    1.0741    0.0158
#Tree 34, Nbranches=1
       643376      1      1     -1        12         0   -1.0000    1.0583    0.0338
#Tree 35, Nbranches=1
      2052367      1      1     -1        16         0   -1.0000    1.0530    0.4076
#Tree 36, Nbranches=1
       206486      1      1     -1        10         0   -1.0000    1.0525    0.0184
#Tree 37, Nbranches=1
       836808      1      1     -1        12         0   -1.0000    1.0447    0.3261
#Tree 38, Nbranches=1
       893406      1      1     -1        10         0   -1.0000    1.0344    0.0133
#Tree 39, Nbranches=1
      1002360      1      1     -1        10         0   -1.0000    1.0315    0.0176
#Tree 40, Nbranches=1
       827906      1      1     -1        12         0   -1.0000    1.0173    0.3304
#Tree 41, Nbranches=1
       901216      1      1     -1        12         0   -1.0000    0.9957    0.2173
#Tree 42, Nbranches=1
      1570568      1      1     -1        14         0   -1.0000    0.9951    0.1381
#Tree 43, Nbranches=1
      1155906      1      1     -1        12         0   -1.0000    0.9834    0.4067
#Tree 44, Nbranches=1
       857323      1      1     -1        10         0   -1.0000    0.9674    0.0325
#Tree 45, Nbranches=1
      1429611      1      1     -1        10         0   -1.0000    0.9621    0.0178
#Tree 46, Nbranches=1
      1358860      1      1     -1        10         0   -1.0000    0.8715    0.0232
#Tree 47, Nbranches=1
      1220356      1      1     -1        10         0   -1.0000    0.8416    0.1613
#Tree 48, Nbranches=1
       888726      1      1     -1        10         0   -1.0000    0.8383    0.0077
#Tree 49, Nbranches=1
       673641      1      1     -1        11         0   -1.0000    0.8318    0.0513
#Tree 50, Nbranches=1
       724363      1      1     -1        10         0   -1.0000    0.8305    0.0874
#Tree 51, Nbranches=1
      1278310      1      1     -1        11         0   -1.0000    0.8173    0.0489
#Tree 52, Nbranches=1
       575786      1      1     -1        10         0   -1.0000    0.8018    0.0728
#Tree 53, Nbranches=1
      1009234      1      1     -1        11         0   -1.0000    0.7080    0.0567
#Tree 54, Nbranches=1
      1290854      1      1     -1        12         0   -1.0000    0.6442    0.0874
#Tree 55, Nbranches=1
      1100402      1      1     -1        14         0   -1.0000    0.5372    0.0639
#Tree 56, Nbranches=1
       563586      1      1     -1        11         0   -1.0000    0.3533    0.0708
