# Group catalog for redshift 0.100000 and minimal mass of 10 particles
#    1) group ID
#    2) group mass (Msun/h)
# 3- 5) initial position (Mpc/h)
# 6- 8) final position (Mpc/h)
# 9-11) velocity (km/s)
#   12) number of particles
#
        55229  3.120560e+15      48.14     667.97     862.68      49.30     679.19     868.03      58.29     639.21     305.48           13
      1637265  2.400431e+15    1407.66    1677.66     241.88    1408.01    1682.81     242.26      24.44     353.37      62.17           10
       901882  2.880517e+15     775.78      73.83    1719.14     778.18      71.92    1720.27     145.58     -91.20      53.92           12
        12820  2.640474e+15       3.20    1415.84     284.45       3.84    1412.45     289.14      34.66    -203.19     259.33           11
      1809452  2.880517e+15    1553.91     801.56     625.78    1561.62     802.22     631.52     467.74      16.46     366.40           12
       307285  3.600646e+15     261.09    1360.78    1199.53     261.58    1359.94    1194.35      26.93     -63.98    -293.29           15
      1266282  2.640474e+15    1082.17     508.17    1495.10    1081.75     506.72    1484.37     -55.67    -117.77    -636.56           11
       927867  2.880517e+15     798.05    1125.00    1736.72     802.63    1128.51    1736.64     270.13     194.11     -29.49           12
      1250592  2.640474e+15    1070.67     611.72     458.31    1069.15     607.54     466.05     -90.21    -247.37     435.47           11
       306084  2.640474e+15     256.32    1227.91     519.67     255.65    1228.67     513.93     -32.93      30.41    -352.75           11
       636422  3.120560e+15     543.57    1534.44      90.32     543.26    1538.78      95.33     -42.09     249.11     304.75           13
       597402  2.640474e+15     515.84     840.55     376.49     520.47     840.30     383.21     279.89       6.41     374.23           11
       899859  2.640474e+15     754.90    1670.24     266.55     752.38    1674.55     265.19    -161.66     257.23     -88.54           11
      2076941  2.880517e+15    1777.73    1389.84     196.88    1779.57    1389.83     202.97     119.99     -31.48     373.03           12
      1572375  2.400431e+15    1345.78    1764.84     337.50    1350.89    1767.63     345.26     309.38     187.15     494.40           10
       292452  2.400431e+15     244.69    1534.22    1413.28     240.97    1535.14    1411.99    -224.29      23.74     -71.30           10
      2052367  3.360603e+15    1764.84     478.13     217.97    1760.17     475.20     214.85    -304.11    -182.57    -179.75           14
       836808  2.880517e+15     730.08     130.08    1019.53     735.35     128.73    1013.79     314.51     -50.88    -338.12           12
       827906  2.880517e+15     707.81     959.77      21.09     712.56     960.05      20.24     289.49      -5.74     -30.35           12
       901216  2.640474e+15     781.75    1799.36    1363.42     782.00       6.50    1359.86      10.88     420.33    -191.80           11
      1570568  2.640474e+15    1348.08    1556.46     120.81    1348.30    1553.51     132.33      33.71    -180.66     673.40           11
      1155906  2.880517e+15     980.86    1003.13     936.33     988.11     999.11     941.31     436.07    -267.27     300.87           12
      1220356  2.400431e+15    1056.09     885.94      60.47    1055.97     889.78      60.28     -34.19     198.02       0.31           10
