# Displacement histogram |x(q,z)-q| in InterPartDist units
# z=0.10000000 NBINS=100 DMIN=0 DMAX=100 SPACING=linear STRIDE=1
# GRID=(128,128,128) InterPartDist(Mpc)=1.47797813 LPT_ORDER=3 MPI_TASKS=1 RUN=example
# VARPAD: FACTOR=20 SIGMA8=1.2 PAD_PHYS(Mpc)=49.3676217 PAD_PHYS(Mpc/h)=33.4021329 PAD_CELLS=33.4021329
# SAMPLED_GLOBAL=2097152 UNDERFLOW=0 OVERFLOW=12
# Columns: bin_lo bin_hi count fraction cum_fraction
0 1 1216 0.000579833984 0.000579833984
1 2 8032 0.00382995605 0.00440979004
2 3 21013 0.0100197792 0.0144295692
3 4 38783 0.0184931755 0.0329227448
4 5 58382 0.027838707 0.0607614517
5 6 79017 0.0376782417 0.0984396935
6 7 97643 0.0465598106 0.144999504
7 8 113100 0.0539302826 0.198929787
8 9 125922 0.0600442886 0.258974075
9 10 133159 0.0634951591 0.322469234
10 11 136026 0.0648622513 0.387331486
11 12 134486 0.0641279221 0.451459408
12 13 129550 0.0617742538 0.513233662
13 14 123543 0.058909893 0.572143555
14 15 114524 0.0546092987 0.626752853
15 16 103289 0.0492520332 0.676004887
16 17 93419 0.0445456505 0.720550537
17 18 83001 0.039577961 0.760128498
18 19 73589 0.0350899696 0.795218468
19 20 64496 0.0307540894 0.825972557
20 21 55377 0.0264058113 0.852378368
21 22 47791 0.0227885246 0.875166893
22 23 40887 0.0194964409 0.894663334
23 24 34498 0.0164499283 0.911113262
24 25 29033 0.0138440132 0.924957275
25 26 24063 0.0114741325 0.936431408
26 27 20112 0.00959014893 0.946021557
27 28 16951 0.00808286667 0.954104424
28 29 14061 0.00670480728 0.960809231
29 30 11856 0.00565338135 0.966462612
30 31 9950 0.00474452972 0.971207142
31 32 8501 0.00405359268 0.975260735
32 33 7239 0.00345182419 0.978712559
33 34 6045 0.00288248062 0.981595039
34 35 5235 0.00249624252 0.984091282
35 36 4407 0.00210142136 0.986192703
36 37 3856 0.00183868408 0.988031387
37 38 3280 0.00156402588 0.989595413
38 39 2757 0.00131464005 0.990910053
39 40 2426 0.00115680695 0.99206686
40 41 2129 0.00101518631 0.993082047
41 42 1902 0.000906944275 0.993988991
42 43 1645 0.000784397125 0.994773388
43 44 1399 0.000667095184 0.995440483
44 45 1164 0.000555038452 0.995995522
45 46 1042 0.000496864319 0.996492386
46 47 871 0.000415325165 0.996907711
47 48 791 0.000377178192 0.997284889
48 49 665 0.00031709671 0.997601986
49 50 594 0.000283241272 0.997885227
50 51 516 0.000246047974 0.998131275
51 52 438 0.000208854675 0.99834013
52 53 414 0.000197410583 0.99853754
53 54 358 0.000170707703 0.998708248
54 55 320 0.000152587891 0.998860836
55 56 237 0.000113010406 0.998973846
56 57 233 0.000111103058 0.999084949
57 58 232 0.000110626221 0.999195576
58 59 184 8.77380371e-05 0.999283314
59 60 175 8.34465027e-05 0.99936676
60 61 161 7.67707825e-05 0.999443531
61 62 129 6.15119934e-05 0.999505043
62 63 128 6.10351562e-05 0.999566078
63 64 108 5.14984131e-05 0.999617577
64 65 79 3.76701355e-05 0.999655247
65 66 77 3.67164612e-05 0.999691963
66 67 83 3.95774841e-05 0.999731541
67 68 64 3.05175781e-05 0.999762058
68 69 74 3.52859497e-05 0.999797344
69 70 39 1.85966492e-05 0.999815941
70 71 44 2.0980835e-05 0.999836922
71 72 39 1.85966492e-05 0.999855518
72 73 38 1.8119812e-05 0.999873638
73 74 25 1.1920929e-05 0.999885559
74 75 19 9.05990601e-06 0.999894619
75 76 25 1.1920929e-05 0.99990654
76 77 18 8.58306885e-06 0.999915123
77 78 16 7.62939453e-06 0.999922752
78 79 15 7.15255737e-06 0.999929905
79 80 11 5.24520874e-06 0.99993515
80 81 12 5.7220459e-06 0.999940872
81 82 16 7.62939453e-06 0.999948502
82 83 11 5.24520874e-06 0.999953747
83 84 14 6.67572021e-06 0.999960423
84 85 2 9.53674316e-07 0.999961376
85 86 8 3.81469727e-06 0.999965191
86 87 9 4.29153442e-06 0.999969482
87 88 6 2.86102295e-06 0.999972343
88 89 2 9.53674316e-07 0.999973297
89 90 11 5.24520874e-06 0.999978542
90 91 5 2.38418579e-06 0.999980927
91 92 5 2.38418579e-06 0.999983311
92 93 1 4.76837158e-07 0.999983788
93 94 2 9.53674316e-07 0.999984741
94 95 10 4.76837158e-06 0.99998951
95 96 1 4.76837158e-07 0.999989986
96 97 2 9.53674316e-07 0.99999094
97 98 4 1.90734863e-06 0.999992847
98 99 2 9.53674316e-07 0.999993801
99 100 1 4.76837158e-07 0.999994278
