# Group catalog for redshift 0.200000 and minimal mass of 10 particles
#    1) group ID
#    2) group mass (Msun/h)
# 3- 5) initial position (Mpc/h)
# 6- 8) final position (Mpc/h)
# 9-11) velocity (km/s)
#   12) number of particles
#
        55229  3.120560e+15      48.14     667.97     862.68      49.30     679.19     868.03      61.45     673.51     321.89           13
       901882  2.640474e+15     776.63      73.51    1717.54     778.15      71.55    1720.15      94.57     -96.92     166.37           11
        12820  2.400431e+15       2.81    1416.09     282.66       3.53    1412.76     289.37      42.66    -211.12     422.26           10
      1809452  2.400431e+15    1553.91     801.56     625.78    1561.58     802.07     631.41     494.78       8.82     378.25           10
       307285  3.600646e+15     261.09    1360.78    1199.53     261.56    1360.04    1194.62      27.06     -59.42    -292.66           15
      1250592  2.400431e+15    1070.16     614.53     458.44    1069.29     608.78     465.88     -52.84    -366.89     440.86           10
       306084  2.400431e+15     254.53    1227.66     520.31     255.52    1228.17     514.15      82.72      14.86    -399.44           10
       597402  2.400431e+15     514.69     840.94     378.28     519.76     840.32     383.15     325.03     -19.86     267.45           10
      2076941  2.400431e+15    1780.31    1387.97     196.88    1780.21    1388.25     203.05      -7.35      -8.11     398.61           10
      1572375  2.400431e+15    1345.78    1764.84     337.50    1350.58    1767.40     344.71     304.65     179.70     481.26           10
      2052367  2.880517e+15    1764.84     476.95     217.97    1760.43     475.49     214.97    -302.10     -89.18    -174.51           12
       836808  2.640474e+15     731.89     129.76    1019.53     735.50     128.29    1014.15     215.46     -66.34    -334.77           11
       827906  2.640474e+15     707.60     958.17      19.82     712.01     959.78      19.88     282.60      89.87      28.63           11
       901216  2.400431e+15     780.47       0.00    1362.66     781.81       6.46    1359.92      85.74     395.67    -145.81           10
      1155906  2.640474e+15     981.18    1001.63     936.43     987.93     999.54     940.53     423.97    -144.83     255.80           11
