# Displacement histogram |x(q,z)-q| in InterPartDist units
# z=0.00000000 NBINS=100 DMIN=0 DMAX=100 SPACING=linear STRIDE=1
# GRID=(128,128,128) InterPartDist(Mpc)=1.47797813 LPT_ORDER=3 MPI_TASKS=1 RUN=example
# VARPAD: FACTOR=20 SIGMA8=1.2 PAD_PHYS(Mpc)=54.3043839 PAD_PHYS(Mpc/h)=36.7423461 PAD_CELLS=36.7423461
# SAMPLED_GLOBAL=2097152 UNDERFLOW=0 OVERFLOW=59
# Columns: bin_lo bin_hi count fraction cum_fraction
0 1 1003 0.00047826767 0.00047826767
1 2 6578 0.00313663483 0.0036149025
2 3 17291 0.0082449913 0.0118598938
3 4 31832 0.0151786804 0.0270385742
4 5 48734 0.0232381821 0.0502767563
5 6 66455 0.0316882133 0.0819649696
6 7 83177 0.0396618843 0.121626854
7 8 97645 0.0465607643 0.168187618
8 9 110165 0.0525307655 0.220718384
9 10 119082 0.0567827225 0.277501106
10 11 124054 0.0591535568 0.336654663
11 12 125122 0.0596628189 0.396317482
12 13 123184 0.0587387085 0.45505619
13 14 118255 0.0563883781 0.511444569
14 15 113834 0.0542802811 0.56572485
15 16 105653 0.0503792763 0.616104126
16 17 96410 0.0459718704 0.662075996
17 18 87927 0.0419268608 0.704002857
18 19 79210 0.0377702713 0.741773129
19 20 71318 0.0340070724 0.775780201
20 21 62829 0.0299592018 0.805739403
21 22 55612 0.026517868 0.832257271
22 23 48291 0.0230269432 0.855284214
23 24 42028 0.0200405121 0.875324726
24 25 36477 0.017393589 0.892718315
25 26 31406 0.0149755478 0.907693863
26 27 26721 0.0127415657 0.920435429
27 28 22686 0.0108175278 0.931252956
28 29 19355 0.0092291832 0.94048214
29 30 16609 0.00791978836 0.948401928
30 31 14175 0.00675916672 0.955161095
31 32 12024 0.00573348999 0.960894585
32 33 10301 0.00491189957 0.965806484
33 34 8874 0.00423145294 0.970037937
34 35 7681 0.00366258621 0.973700523
35 36 6757 0.00322198868 0.976922512
36 37 5767 0.00274991989 0.979672432
37 38 5123 0.00244283676 0.982115269
38 39 4354 0.00207614899 0.984191418
39 40 3809 0.00181627274 0.98600769
40 41 3352 0.00159835815 0.987606049
41 42 2982 0.00142192841 0.989027977
42 43 2560 0.00122070312 0.99024868
43 44 2259 0.00107717514 0.991325855
44 45 2008 0.000957489014 0.992283344
45 46 1825 0.000870227814 0.993153572
46 47 1622 0.000773429871 0.993927002
47 48 1503 0.000716686249 0.994643688
48 49 1256 0.000598907471 0.995242596
49 50 1074 0.000512123108 0.995754719
50 51 925 0.000441074371 0.996195793
51 52 838 0.000399589539 0.996595383
52 53 754 0.000359535217 0.996954918
53 54 657 0.000313282013 0.9972682
54 55 595 0.000283718109 0.997551918
55 56 539 0.000257015228 0.997808933
56 57 467 0.000222682953 0.998031616
57 58 388 0.000185012817 0.998216629
58 59 389 0.000185489655 0.998402119
59 60 344 0.000164031982 0.998566151
60 61 303 0.000144481659 0.998710632
61 62 265 0.000126361847 0.998836994
62 63 218 0.0001039505 0.998940945
63 64 205 9.77516174e-05 0.999038696
64 65 204 9.72747803e-05 0.999135971
65 66 192 9.15527344e-05 0.999227524
66 67 148 7.05718994e-05 0.999298096
67 68 155 7.39097595e-05 0.999372005
68 69 144 6.86645508e-05 0.99944067
69 70 111 5.29289246e-05 0.999493599
70 71 104 4.95910645e-05 0.99954319
71 72 93 4.43458557e-05 0.999587536
72 73 97 4.62532043e-05 0.999633789
73 74 71 3.38554382e-05 0.999667645
74 75 66 3.14712524e-05 0.999699116
75 76 60 2.86102295e-05 0.999727726
76 77 63 3.0040741e-05 0.999757767
77 78 57 2.7179718e-05 0.999784946
78 79 43 2.05039978e-05 0.99980545
79 80 35 1.66893005e-05 0.99982214
80 81 40 1.90734863e-05 0.999841213
81 82 35 1.66893005e-05 0.999857903
82 83 36 1.71661377e-05 0.999875069
83 84 19 9.05990601e-06 0.999884129
84 85 18 8.58306885e-06 0.999892712
85 86 19 9.05990601e-06 0.999901772
86 87 18 8.58306885e-06 0.999910355
87 88 14 6.67572021e-06 0.99991703
88 89 15 7.15255737e-06 0.999924183
89 90 11 5.24520874e-06 0.999929428
90 91 12 5.7220459e-06 0.99993515
91 92 11 5.24520874e-06 0.999940395
92 93 8 3.81469727e-06 0.99994421
93 94 17 8.10623169e-06 0.999952316
94 95 7 3.33786011e-06 0.999955654
95 96 10 4.76837158e-06 0.999960423
96 97 4 1.90734863e-06 0.99996233
97 98 7 3.33786011e-06 0.999965668
98 99 7 3.33786011e-06 0.999969006
99 100 6 2.86102295e-06 0.999971867
