# Mass function for redshift 2.000000
# 1) mass (Msun/h)
# 2) n(m) (Mpc^-3 Msun^-1 h^4)
# 3) upper +1-sigma limit for n(m) (Mpc^-3 Msun^-1 h^4)
# 4) lower -1-sigma limit for n(m) (Mpc^-3 Msun^-1 h^4)
# 5) number of halos in the bin
# 6) analytical n(m) from Watson et al. 2013
#
   2.5423725e+15               0               0               0            0    2.4163063e-37          9.7672002
   2.8525889e+15               0               0               0            0    1.1967234e-38          10.105137
   3.2006574e+15               0               0               0            0    4.6866005e-40          10.458632
   3.5911966e+15               0               0               0            0    1.4199149e-41          10.828528
   4.0293889e+15               0               0               0            0    3.2491213e-43          11.215723
   4.5210487e+15               0               0               0            0    5.4682826e-45          11.621168
   5.0727001e+15               0               0               0            0    6.5731814e-47          12.045883
   5.6916631e+15               0               0               0            0    5.4632559e-49          12.490954
   6.3861511e+15               0               0               0            0    3.0289962e-51          12.957535
   7.1653793e+15               0               0               0            0     1.076652e-53          13.446856
   8.0396879e+15               0               0               0            0     2.348063e-56           13.96022
   9.0206781e+15               0               0               0            0    2.9932089e-59          14.499003
