# Displacement histogram |x(q,z)-q| in InterPartDist units
# z=1.00000000 NBINS=100 DMIN=0 DMAX=100 SPACING=linear STRIDE=1
# GRID=(128,128,128) InterPartDist(Mpc)=1.47797813 LPT_ORDER=3 MPI_TASKS=1 RUN=example
# VARPAD: FACTOR=20 SIGMA8=1.2 PAD_PHYS(Mpc)=27.1521919 PAD_PHYS(Mpc/h)=18.3711731 PAD_CELLS=18.3711731
# SAMPLED_GLOBAL=2097152 UNDERFLOW=0 OVERFLOW=0
# Columns: bin_lo bin_hi count fraction cum_fraction
0 1 5775 0.00275373459 0.00275373459
1 2 38651 0.018430233 0.0211839676
2 3 94096 0.0448684692 0.0660524368
3 4 155462 0.0741300583 0.140182495
4 5 208573 0.0994553566 0.239637852
5 6 242700 0.115728378 0.35536623
6 7 251211 0.119786739 0.475152969
7 8 236428 0.112737656 0.587890625
8 9 208045 0.0992035866 0.687094212
9 10 172311 0.0821642876 0.769258499
10 11 137217 0.0654301643 0.834688663
11 12 106346 0.0507097244 0.885398388
12 13 77947 0.037168026 0.922566414
13 14 55612 0.026517868 0.949084282
14 15 37706 0.0179796219 0.967063904
15 16 24727 0.0117907524 0.978854656
16 17 15870 0.0075674057 0.986422062
17 18 10047 0.00479078293 0.991212845
18 19 6271 0.00299024582 0.994203091
19 20 4180 0.00199317932 0.99619627
20 21 2736 0.00130462646 0.997500896
21 22 1774 0.000845909119 0.998346806
22 23 1197 0.000570774078 0.99891758
23 24 750 0.000357627869 0.999275208
24 25 519 0.000247478485 0.999522686
25 26 357 0.000170230865 0.999692917
26 27 224 0.000106811523 0.999799728
27 28 148 7.05718994e-05 0.9998703
28 29 77 3.67164612e-05 0.999907017
29 30 66 3.14712524e-05 0.999938488
30 31 39 1.85966492e-05 0.999957085
31 32 29 1.38282776e-05 0.999970913
32 33 14 6.67572021e-06 0.999977589
33 34 16 7.62939453e-06 0.999985218
34 35 11 5.24520874e-06 0.999990463
35 36 7 3.33786011e-06 0.999993801
36 37 3 1.43051147e-06 0.999995232
37 38 0 0 0.999995232
38 39 3 1.43051147e-06 0.999996662
39 40 1 4.76837158e-07 0.999997139
40 41 2 9.53674316e-07 0.999998093
41 42 0 0 0.999998093
42 43 0 0 0.999998093
43 44 2 9.53674316e-07 0.999999046
44 45 1 4.76837158e-07 0.999999523
45 46 0 0 0.999999523
46 47 0 0 0.999999523
47 48 0 0 0.999999523
48 49 0 0 0.999999523
49 50 0 0 0.999999523
50 51 1 4.76837158e-07 1
51 52 0 0 1
52 53 0 0 1
53 54 0 0 1
54 55 0 0 1
55 56 0 0 1
56 57 0 0 1
57 58 0 0 1
58 59 0 0 1
59 60 0 0 1
60 61 0 0 1
61 62 0 0 1
62 63 0 0 1
63 64 0 0 1
64 65 0 0 1
65 66 0 0 1
66 67 0 0 1
67 68 0 0 1
68 69 0 0 1
69 70 0 0 1
70 71 0 0 1
71 72 0 0 1
72 73 0 0 1
73 74 0 0 1
74 75 0 0 1
75 76 0 0 1
76 77 0 0 1
77 78 0 0 1
78 79 0 0 1
79 80 0 0 1
80 81 0 0 1
81 82 0 0 1
82 83 0 0 1
83 84 0 0 1
84 85 0 0 1
85 86 0 0 1
86 87 0 0 1
87 88 0 0 1
88 89 0 0 1
89 90 0 0 1
90 91 0 0 1
91 92 0 0 1
92 93 0 0 1
93 94 0 0 1
94 95 0 0 1
95 96 0 0 1
96 97 0 0 1
97 98 0 0 1
98 99 0 0 1
99 100 0 0 1
