# Fmax PDF over 2097152 particles
# 1-2: F interval
# 3: number of particles in that interval
#
    0.0      0.1  91278
    0.1      0.2  40227
    0.2      0.3  35242
    0.3      0.4  32724
    0.4      0.5  30196
    0.5      0.6  28715
    0.6      0.7  26826
    0.7      0.8  30279
    0.8      0.9  34774
    0.9      1.0  39483
    1.0      1.1  43442
    1.1      1.2  46993
    1.2      1.3  49924
    1.3      1.4  51566
    1.4      1.5  52193
    1.5      1.6  53028
    1.6      1.7  51531
    1.7      1.8  50914
    1.8      1.9  48366
    1.9      2.0  46416
    2.0      2.1  44384
    2.1      2.2  41931
    2.2      2.3  39637
    2.3      2.4  37681
    2.4      2.5  35638
    2.5      2.6  34510
    2.6      2.7  33387
    2.7      2.8  31818
    2.8      2.9  30713
    2.9      3.0  30127
    3.0      3.1  28908
    3.1      3.2  28373
    3.2      3.3  27592
    3.3      3.4  27195
    3.4      3.5  26222
    3.5      3.6  25851
    3.6      3.7  25404
    3.7      3.8  24982
    3.8      3.9  24219
    3.9      4.0  23689
    4.0      4.1  23249
    4.1      4.2  22627
    4.2      4.3  22023
    4.3      4.4  21628
    4.4      4.5  20917
    4.5      4.6  20502
    4.6      4.7  19757
    4.7      4.8  19429
    4.8      4.9  18791
    4.9      5.0  18220
    5.0      5.1  17498
    5.1      5.2  17113
    5.2      5.3  16512
    5.3      5.4  16163
    5.4      5.5  15455
    5.5      5.6  15008
    5.6      5.7  14286
    5.7      5.8  14072
    5.8      5.9  13421
    5.9      6.0  12942
    6.0      6.1  12651
    6.1      6.2  11822
    6.2      6.3  11321
    6.3      6.4  10836
    6.4      6.5  10397
    6.5      6.6  9901
    6.6      6.7  9355
    6.7      6.8  8914
    6.8      6.9  8746
    6.9      7.0  8343
    7.0      7.1  7747
    7.1      7.2  7502
    7.2      7.3  7064
    7.3      7.4  6729
    7.4      7.5  6337
    7.5      7.6  6021
    7.6      7.7  5631
    7.7      7.8  5471
    7.8      7.9  5044
    7.9      8.0  4797
    8.0      8.1  4593
    8.1      8.2  4218
    8.2      8.3  3985
    8.3      8.4  3784
    8.4      8.5  3674
    8.5      8.6  3310
    8.6      8.7  3109
    8.7      8.8  3008
    8.8      8.9  2724
    8.9      9.0  2614
    9.0      9.1  2426
    9.1      9.2  2259
    9.2      9.3  2084
    9.3      9.4  1927
    9.4      9.5  1796
    9.5      9.6  1672
    9.6      9.7  1582
    9.7      9.8  1416
    9.8      9.9  1347
    9.9     10.0  1310
   10.0     10.1  1129
   10.1     10.2  1108
   10.2     10.3  975
   10.3     10.4  920
   10.4     10.5  823
   10.5     10.6  726
   10.6     10.7  730
   10.7     10.8  663
   10.8     10.9  618
   10.9     11.0  556
   11.0     11.1  447
   11.1     11.2  483
   11.2     11.3  406
   11.3     11.4  363
   11.4     11.5  351
   11.5     11.6  331
   11.6     11.7  304
   11.7     11.8  275
   11.8     11.9  247
   11.9     12.0  207
   12.0     12.1  201
   12.1     12.2  163
   12.2     12.3  161
   12.3     12.4  154
   12.4     12.5  147
   12.5     12.6  126
   12.6     12.7  112
   12.7     12.8  90
   12.8     12.9  93
   12.9     13.0  80
   13.0     13.1  76
   13.1     13.2  78
   13.2     13.3  62
   13.3     13.4  45
   13.4     13.5  52
   13.5     13.6  41
   13.6     13.7  33
   13.7     13.8  32
   13.8     13.9  33
   13.9     14.0  25
   14.0     14.1  21
   14.1     14.2  28
   14.2     14.3  23
   14.3     14.4  21
   14.4     14.5  16
   14.5     14.6  15
   14.6     14.7  7
   14.7     14.8  9
   14.8     14.9  12
   14.9     15.0  8
   15.0     15.1  6
   15.1     15.2  5
   15.2     15.3  8
   15.3     15.4  8
   15.4     15.5  5
   15.5     15.6  6
   15.6     15.7  4
   15.7     15.8  6
   15.8     15.9  1
   15.9     16.0  3
   16.0     16.1  2
   16.1     16.2  3
   16.2     16.3  3
   16.3     16.4  0
   16.4     16.5  0
   16.5     16.6  1
   16.6     16.7  0
   16.7     16.8  2
   16.8     16.9  1
   16.9     17.0  2
   17.0     17.1  0
   17.1     17.2  0
   17.2     17.3  0
   17.3     17.4  0
   17.4     17.5  0
   17.5     17.6  0
   17.6     17.7  0
   17.7     17.8  0
   17.8     17.9  0
   17.9     18.0  0
   18.0     18.1  0
   18.1     18.2  0
   18.2     18.3  0
   18.3     18.4  0
   18.4     18.5  0
   18.5     18.6  1
   18.6     18.7  0
   18.7     18.8  0
   18.8     18.9  1
   18.9     19.0  0
   19.0     19.1  0
   19.1     19.2  0
   19.2     19.3  0
   19.3     19.4  0
   19.4     19.5  0
   19.5     19.6  0
   19.6     19.7  0
   19.7     19.8  0
   19.8     19.9  0
   19.9     20.0  0
   20.0     20.1  0
   20.1     20.2  0
   20.2     20.3  0
   20.3     20.4  0
   20.4     20.5  0
   20.5     20.6  0
   20.6     20.7  0
   20.7     20.8  0
   20.8     20.9  0
   20.9    999.0  0
