# Mass function for redshift 0.300000
# 1) mass (Msun/h)
# 2) n(m) (Mpc^-3 Msun^-1 h^4)
# 3) upper +1-sigma limit for n(m) (Mpc^-3 Msun^-1 h^4)
# 4) lower -1-sigma limit for n(m) (Mpc^-3 Msun^-1 h^4)
# 5) number of halos in the bin
# 6) analytical n(m) from Watson et al. 2013
#
    2.496448e+15    3.571604e-24   4.7010444e-24   2.4421637e-24           10    1.4985393e-24          4.7672447
   2.8525889e+15               0               0               0            0    5.7068253e-25          4.9586548
   3.2006574e+15               0               0               0            0    2.3357043e-25          5.1321167
   3.5911966e+15               0               0               0            0    8.9936983e-26          5.3136273
   4.0293889e+15               0               0               0            0    3.2392301e-26          5.5036261
   4.5210487e+15               0               0               0            0    1.0843143e-26          5.7025807
   5.0727001e+15               0               0               0            0    3.3497405e-27           5.910991
   5.6916631e+15               0               0               0            0    9.4758517e-28            6.12939
   6.3861511e+15               0               0               0            0    2.4334574e-28          6.3583445
   7.1653793e+15               0               0               0            0    5.6191807e-29          6.5984573
   8.0396879e+15               0               0               0            0    1.1544392e-29          6.8503683
   9.0206781e+15               0               0               0            0    2.0856617e-30          7.1147526
