# N. replications: 123 (out of 729 checked)
# distance range:   0.000000 320.828962
# V   =  64.000000  64.000000  64.000000
# D   =   0.000000   0.000000   1.000000
# L   = 128.000000 128.000000 128.000000
# A   = 180.000000
# IPD =   1.477978
#
   0   -3   0   0   320.000000 457.051419   2  0
   1   -2  -2  -1   278.969532 491.593328   2  0
   2   -2  -2   0   271.529004 457.051419   2  0
   3   -2  -2   1   278.969532 491.593328   2  0
   4   -2  -1  -2   278.969532 491.593328   2  0
   5   -2  -1  -1   212.263987 419.676066   2  0
   6   -2  -1   0   202.385770 378.629106   2  0
   7   -2  -1   1   212.263987 419.676066   2  0
   8   -2  -1   2   278.969532 491.593328   2  0
   9   -2   0  -2   271.529004 457.051419   2  0
  10   -2   0  -1   202.385770 378.629106   2  0
  11   -2   0   0   192.000000 332.553755   2  0
  12   -2   0   1   202.385770 378.629106   2  0
  13   -2   0   2   271.529004 457.051419   2  0
  14   -2   1  -2   278.969532 491.593328   2  0
  15   -2   1  -1   212.263987 419.676066   2  0
  16   -2   1   0   202.385770 378.629106   2  0
  17   -2   1   1   212.263987 419.676066   2  0
  18   -2   1   2   278.969532 491.593328   2  0
  19   -2   2  -1   278.969532 491.593328   2  0
  20   -2   2   0   271.529004 457.051419   2  0
  21   -2   2   1   278.969532 491.593328   2  0
  22   -1  -2  -2   278.969532 491.593328   2  0
  23   -1  -2  -1   212.263987 419.676066   2  0
  24   -1  -2   0   202.385770 378.629106   2  0
  25   -1  -2   1   212.263987 419.676066   2  0
  26   -1  -2   2   278.969532 491.593328   2  0
  27   -1  -1  -2   212.263987 419.676066   2  0
  28   -1  -1  -1   110.851252 332.553755   2  0
  29   -1  -1   0    90.509668 278.969532   2  0
  30   -1  -1   1   110.851252 332.553755   2  0
  31   -1  -1   2   212.263987 419.676066   2  0
  32   -1   0  -2   202.385770 378.629106   2  0
  33   -1   0  -1    90.509668 278.969532   2  0
  34   -1   0   0    64.000000 212.263987   2  0
  35   -1   0   1    90.509668 278.969532   2  0
  36   -1   0   2   202.385770 378.629106   2  0
  37   -1   1  -2   212.263987 419.676066   2  0
  38   -1   1  -1   110.851252 332.553755   2  0
  39   -1   1   0    90.509668 278.969532   2  0
  40   -1   1   1   110.851252 332.553755   2  0
  41   -1   1   2   212.263987 419.676066   2  0
  42   -1   2  -2   278.969532 491.593328   2  0
  43   -1   2  -1   212.263987 419.676066   2  0
  44   -1   2   0   202.385770 378.629106   2  0
  45   -1   2   1   212.263987 419.676066   2  0
  46   -1   2   2   278.969532 491.593328   2  0
  47    0  -3   0   320.000000 457.051419   2  0
  48    0  -2  -2   271.529004 457.051419   2  0
  49    0  -2  -1   202.385770 378.629106   2  0
  50    0  -2   0   192.000000 332.553755   2  0
  51    0  -2   1   202.385770 378.629106   2  0
  52    0  -2   2   271.529004 457.051419   2  0
  53    0  -1  -2   202.385770 378.629106   2  0
  54    0  -1  -1    90.509668 278.969532   2  0
  55    0  -1   0    64.000000 212.263987   2  0
  56    0  -1   1    90.509668 278.969532   2  0
  57    0  -1   2   202.385770 378.629106   2  0
  58    0   0  -3   320.000000 457.051419   2  0
  59    0   0  -2   192.000000 332.553755   2  0
  60    0   0  -1    64.000000 212.263987   2  0
  61    0   0   0     0.000000 110.851252   1  32
  62    0   0   1    64.000000 212.263987   2  36
  63    0   0   2   192.000000 332.553755   2  36
  64    0   0   3   320.000000 457.051419   2  36
  65    0   1  -2   202.385770 378.629106   2  0
  66    0   1  -1    90.509668 278.969532   2  0
  67    0   1   0    64.000000 212.263987   2  0
  68    0   1   1    90.509668 278.969532   2  0
  69    0   1   2   202.385770 378.629106   2  0
  70    0   2  -2   271.529004 457.051419   2  0
  71    0   2  -1   202.385770 378.629106   2  0
  72    0   2   0   192.000000 332.553755   2  0
  73    0   2   1   202.385770 378.629106   2  0
  74    0   2   2   271.529004 457.051419   2  0
  75    0   3   0   320.000000 457.051419   2  0
  76    1  -2  -2   278.969532 491.593328   2  0
  77    1  -2  -1   212.263987 419.676066   2  0
  78    1  -2   0   202.385770 378.629106   2  0
  79    1  -2   1   212.263987 419.676066   2  0
  80    1  -2   2   278.969532 491.593328   2  0
  81    1  -1  -2   212.263987 419.676066   2  0
  82    1  -1  -1   110.851252 332.553755   2  0
  83    1  -1   0    90.509668 278.969532   2  0
  84    1  -1   1   110.851252 332.553755   2  0
  85    1  -1   2   212.263987 419.676066   2  0
  86    1   0  -2   202.385770 378.629106   2  0
  87    1   0  -1    90.509668 278.969532   2  0
  88    1   0   0    64.000000 212.263987   2  0
  89    1   0   1    90.509668 278.969532   2  0
  90    1   0   2   202.385770 378.629106   2  0
  91    1   1  -2   212.263987 419.676066   2  0
  92    1   1  -1   110.851252 332.553755   2  0
  93    1   1   0    90.509668 278.969532   2  0
  94    1   1   1   110.851252 332.553755   2  0
  95    1   1   2   212.263987 419.676066   2  0
  96    1   2  -2   278.969532 491.593328   2  0
  97    1   2  -1   212.263987 419.676066   2  0
  98    1   2   0   202.385770 378.629106   2  0
  99    1   2   1   212.263987 419.676066   2  0
 100    1   2   2   278.969532 491.593328   2  0
 101    2  -2  -1   278.969532 491.593328   2  0
 102    2  -2   0   271.529004 457.051419   2  0
 103    2  -2   1   278.969532 491.593328   2  0
 104    2  -1  -2   278.969532 491.593328   2  0
 105    2  -1  -1   212.263987 419.676066   2  0
 106    2  -1   0   202.385770 378.629106   2  0
 107    2  -1   1   212.263987 419.676066   2  0
 108    2  -1   2   278.969532 491.593328   2  0
 109    2   0  -2   271.529004 457.051419   2  0
 110    2   0  -1   202.385770 378.629106   2  0
 111    2   0   0   192.000000 332.553755   2  0
 112    2   0   1   202.385770 378.629106   2  0
 113    2   0   2   271.529004 457.051419   2  0
 114    2   1  -2   278.969532 491.593328   2  0
 115    2   1  -1   212.263987 419.676066   2  0
 116    2   1   0   202.385770 378.629106   2  0
 117    2   1   1   212.263987 419.676066   2  0
 118    2   1   2   278.969532 491.593328   2  0
 119    2   2  -1   278.969532 491.593328   2  0
 120    2   2   0   271.529004 457.051419   2  0
 121    2   2   1   278.969532 491.593328   2  0
 122    3   0   0   320.000000 457.051419   2  0
