# Group catalog for redshift 0.000000 and minimal mass of 10 particles
#    1) group ID
#    2) group mass (Msun/h)
# 3- 5) initial position (Mpc/h)
# 6- 8) final position (Mpc/h)
# 9-11) velocity (km/s)
#   12) number of particles
#
        55229  3.120560e+15      48.14     667.97     862.68      49.30     679.19     868.03      54.78     601.16     287.29           13
      1637265  2.400431e+15    1407.66    1677.66     241.88    1407.97    1683.29     242.45      21.08     365.84      74.45           10
       901882  2.880517e+15     775.78      73.83    1719.14     778.37      71.91    1720.32     148.30     -83.82      52.21           12
        12820  2.640474e+15       3.20    1415.84     284.45       3.87    1412.19     289.41      34.39    -206.96     257.74           11
       101892  2.400431e+15      97.03     403.59      57.66      93.69     398.54      61.29    -198.97    -299.00     207.29           10
      1639417  2.640474e+15    1410.72     110.58    1711.15    1408.99     111.65    1708.89     -86.62      46.56    -113.86           11
       525890  2.400431e+15     457.03     172.97     933.75     458.81     174.52     934.83      58.82     101.95     114.77           10
      1809452  2.880517e+15    1553.91     801.56     625.78    1562.14     802.20     631.94     471.62      11.39     372.33           12
       307285  4.080732e+15     261.81    1361.99    1200.69     261.76    1360.30    1193.78     -10.61    -115.10    -384.16           17
      1266282  3.360603e+15    1080.80     506.25    1490.62    1081.64     506.29    1482.15      16.73     -19.24    -460.12           14
      1593322  2.400431e+15    1373.91     434.53    1490.62    1366.18     437.89    1492.59    -428.70     219.75     128.07           10
       927867  3.120560e+15     799.94    1124.46    1736.72     803.73    1128.51    1736.46     202.97     215.10     -42.65           13
      1493107  2.400431e+15    1282.50     240.47    1624.22    1282.82     242.13    1618.44      36.11      90.55    -344.37           10
       422988  2.640474e+15     357.32    1463.14    1064.28     351.58    1461.74    1068.04    -311.12    -102.48     218.40           11
      1318246  2.400431e+15    1125.00     824.06    1452.66    1127.74     822.03    1454.30     164.92    -103.92      90.47           10
      1250592  2.640474e+15    1070.67     611.72     458.31    1069.05     607.29     466.45     -90.70    -247.82     431.31           11
      1132776  3.120560e+15     982.75     247.18    1470.61     980.79     246.66    1469.12    -133.29     -38.51     -81.57           13
       306084  2.880517e+15     257.81    1228.12     520.31     255.78    1229.07     513.35    -116.97      41.26    -407.98           12
      2006350  2.640474e+15    1711.15     817.54    1105.18    1717.73     821.13    1095.54     372.15     178.76    -526.55           11
       636422  3.120560e+15     543.57    1534.44      90.32     543.18    1539.02      95.68     -46.92     247.44     308.39           13
       597402  2.640474e+15     515.84     840.55     376.49     520.78     840.38     383.54     281.81      13.04     369.55           11
       899859  2.640474e+15     754.90    1670.24     266.55     752.17    1674.82     265.06    -165.45     257.70     -91.85           11
      1443224  2.400431e+15    1247.34     164.53     351.56    1247.04     167.24     356.83     -20.09     166.35     274.89           10
      1497574  2.400431e+15    1282.50     734.06    1448.44    1282.55     743.75    1441.80      50.77     521.50    -379.99           10
      1857591  3.600646e+15    1597.03     674.53     779.53    1598.06     673.83     781.52      58.84     -49.12      73.02           15
      2035964  2.640474e+15    1753.34     468.54    1757.17    1752.71     470.42    1751.61     -51.52     109.88    -342.97           11
      1289214  2.400431e+15    1099.69    1230.47    1780.31    1099.28    1236.79    1784.00     -19.28     324.25     201.01           10
      2076941  3.360603e+15    1779.91    1390.18     199.89    1780.24    1390.18     203.47      25.02     -28.81     192.27           14
      1958749  2.640474e+15    1684.30     987.57    1313.57    1688.38     993.29    1315.18     216.72     343.18      89.84           11
      1572375  2.400431e+15    1345.78    1764.84     337.50    1351.22    1767.89     345.86     311.66     193.57     504.11           10
      1208931  2.880517e+15    1023.05    1420.31    1398.05    1023.78    1417.96    1398.38      14.01    -131.25      37.62           12
       509035  2.880517e+15     446.48     123.05    1514.06     446.41     126.31    1513.94      17.81     196.23     -11.24           12
       292452  2.400431e+15     244.69    1534.22    1413.28     240.72    1535.11    1411.92    -226.02      17.61     -70.84           10
        76337  2.880517e+15      51.56    1190.62     700.78      51.16    1187.24     698.14     -14.49    -178.89    -143.59           12
       643376  2.880517e+15     555.47     499.22     676.17     556.76     496.46     680.83      65.09    -164.06     261.12           12
      2052367  3.840689e+15    1762.21     477.25     219.73    1759.10     475.05     215.16    -193.04    -129.94    -257.22           16
       206486  2.400431e+15     178.59    1092.66     307.97     186.67    1095.64     309.57     434.87     149.81      80.62           10
       836808  2.880517e+15     730.08     130.08    1019.53     735.68     128.72    1013.44     315.59     -45.14    -338.84           12
       893406  2.400431e+15     757.97     947.81    1335.94     765.59     944.15    1337.65     434.73    -201.36     102.26           10
      1002360  2.400431e+15     867.66     315.00    1697.34     869.17     309.69    1691.47      86.82    -286.59    -312.42           10
       827906  2.880517e+15     707.81     959.77      21.09     712.89     960.01      20.26     292.99     -10.80     -25.57           12
       901216  2.880517e+15     781.64    1797.66    1364.06     781.48       6.43    1360.05     -19.74     497.41    -207.22           12
      1570568  3.360603e+15    1347.99    1556.92     122.54    1348.19    1553.33     132.14      32.11    -207.73     503.97           14
      1155906  2.880517e+15     980.86    1003.13     936.33     988.56     998.75     941.62     437.35    -275.35     302.43           12
       857323  2.400431e+15     735.47     576.56    1506.09     738.83     573.98    1503.71     196.57    -174.01    -108.85           10
      1429611  2.400431e+15    1236.09     459.84    1504.69    1241.77     460.69    1492.92     333.27      69.12    -677.85           10
      1358860  2.400431e+15    1160.16    1700.16     188.44    1159.28    1695.24     189.14     -54.70    -283.13      13.00           10
      1220356  2.400431e+15    1056.09     885.94      60.47    1055.87     889.96      60.30     -40.73     193.71       3.23           10
       888726  2.400431e+15     756.56     455.63     324.84     764.25     457.93     328.87     436.90     110.49     203.05           10
       673641  2.640474e+15     593.82     205.18    1477.20     596.44     207.28    1478.56     126.18      96.47      94.54           11
       724363  2.400431e+15     625.78     381.09     170.16     620.39     384.33     165.70    -320.37     150.22    -250.49           10
      1278310  2.640474e+15    1100.07      37.71    1445.24    1101.02      30.61    1442.71      44.44    -410.19    -103.31           11
       575786  2.400431e+15     506.25     248.91     589.22     510.83     252.65     591.99     288.19     185.01     172.90           10
      1009234  2.640474e+15     872.51    1065.55    1156.32     879.37    1066.01    1151.33     385.23      65.10    -264.80           11
      1290854  2.880517e+15    1115.62    1409.77    1434.38    1116.14    1413.22    1429.75      26.08     203.90    -257.32           12
      1100402  3.360603e+15     948.21     309.38    1598.10     949.02     303.08    1599.11      53.69    -347.26      45.32           14
       563586  2.640474e+15     480.04     713.99      19.82     478.77     717.99      11.90     -59.24     239.38    -424.56           11
