# Mass function for redshift 0.200000
# 1) mass (Msun/h)
# 2) n(m) (Mpc^-3 Msun^-1 h^4)
# 3) upper +1-sigma limit for n(m) (Mpc^-3 Msun^-1 h^4)
# 4) lower -1-sigma limit for n(m) (Mpc^-3 Msun^-1 h^4)
# 5) number of halos in the bin
# 6) analytical n(m) from Watson et al. 2013
#
   2.4804451e+15   4.2859248e-24   5.5231647e-24   3.0486849e-24           12    3.6836435e-24          4.5143798
   2.8525889e+15    7.143208e-25   1.4286416e-24               0            1    1.4564631e-24          4.7045009
   3.2006574e+15    3.571604e-25    7.143208e-25               0            1    6.4192467e-25          4.8690721
   3.5911966e+15    7.143208e-25   1.4286416e-24               0            1    2.6783297e-25          5.0412794
   4.0293889e+15               0               0               0            0    1.0523886e-25            5.22154
   4.5210487e+15               0               0               0            0    3.8718988e-26          5.4102972
   5.0727001e+15               0               0               0            0    1.3253987e-26          5.6080255
   5.6916631e+15               0               0               0            0    4.1917072e-27          5.8152306
   6.3861511e+15               0               0               0            0    1.2152871e-27            6.03245
   7.1653793e+15               0               0               0            0    3.2023596e-28           6.260256
   8.0396879e+15               0               0               0            0    7.5967521e-29          6.4992554
   9.0206781e+15               0               0               0            0    1.6054056e-29          6.7500887
