# Mass function for redshift 0.500000
# 1) mass (Msun/h)
# 2) n(m) (Mpc^-3 Msun^-1 h^4)
# 3) upper +1-sigma limit for n(m) (Mpc^-3 Msun^-1 h^4)
# 4) lower -1-sigma limit for n(m) (Mpc^-3 Msun^-1 h^4)
# 5) number of halos in the bin
# 6) analytical n(m) from Watson et al. 2013
#
   2.5423725e+15    3.571604e-25    7.143208e-25               0            1    1.7445522e-25          5.3126204
   2.8525889e+15               0               0               0            0    6.4543035e-26          5.4964328
   3.2006574e+15               0               0               0            0    2.2291892e-26           5.688707
   3.5911966e+15               0               0               0            0     7.141174e-27          5.8899029
   4.0293889e+15               0               0               0            0    2.1068266e-27          6.1005076
   4.5210487e+15               0               0               0            0     5.679597e-28          6.3210392
   5.0727001e+15               0               0               0            0    1.3869705e-28          6.5520522
   5.6916631e+15               0               0               0            0    3.0388627e-29          6.7941371
   6.3861511e+15               0               0               0            0    5.9107005e-30          7.0479222
   7.1653793e+15               0               0               0            0    1.0086662e-30          7.3140758
   8.0396879e+15               0               0               0            0    1.4907063e-31          7.5933071
   9.0206781e+15               0               0               0            0    1.8807864e-32          7.8863645
