# Mass function for redshift 0.000000
# 1) mass (Msun/h)
# 2) n(m) (Mpc^-3 Msun^-1 h^4)
# 3) upper +1-sigma limit for n(m) (Mpc^-3 Msun^-1 h^4)
# 4) lower -1-sigma limit for n(m) (Mpc^-3 Msun^-1 h^4)
# 5) number of halos in the bin
# 6) analytical n(m) from Watson et al. 2013
#
    2.492212e+15   1.2143454e-23   1.4226039e-23   1.0060869e-23           34    1.5090746e-23          4.0679402
   2.8805169e+15   8.5718496e-24   1.1046329e-23   6.0973698e-24           12    6.6577224e-24          4.2456556
   3.2405816e+15   2.8572832e-24   3.8674854e-24    1.847081e-24            8    3.2644285e-24          4.3978204
   3.5911966e+15    7.143208e-25   1.4286416e-24               0            1    1.6879486e-24          4.5364335
   3.9607108e+15    7.143208e-25   1.2194219e-24   2.0921972e-25            2    8.6841869e-25          4.6739455
   4.5210487e+15               0               0               0            0    3.3298572e-25          4.8684969
   5.0727001e+15               0               0               0            0    1.3588764e-25          5.0464242
   5.6916631e+15               0               0               0            0    5.2023225e-26          5.2328793
   6.3861511e+15               0               0               0            0    1.8566972e-26          5.4283458
   7.1653793e+15               0               0               0            0    6.1345301e-27          5.6333387
   8.0396879e+15               0               0               0            0     1.861946e-27          5.8484041
   9.0206781e+15               0               0               0            0    5.1475275e-28          6.0741185
